<?xml version="1.0" encoding="UTF-8"?>
<testng-results ignored="0" total="1" passed="1" failed="0" skipped="0">
  <reporter-output>
  </reporter-output>
  <suite started-at="2020-11-13T23:55:37 EST" name="Default suite" finished-at="2020-11-13T23:55:38 EST" duration-ms="83">
    <groups>
    </groups>
    <test started-at="2020-11-13T23:55:37 EST" name="Default test" finished-at="2020-11-13T23:55:38 EST" duration-ms="83">
      <class name="testNG_Demo.Adding">
        <test-method signature="subtraction()[pri:0, instance:testNG_Demo.Adding@7b227d8d]" started-at="2020-11-13T23:55:38 EST" name="subtraction" finished-at="2020-11-13T23:55:38 EST" duration-ms="14" status="PASS">
          <reporter-output>
          </reporter-output>
        </test-method> <!-- subtraction -->
      </class> <!-- testNG_Demo.Adding -->
    </test> <!-- Default test -->
  </suite> <!-- Default suite -->
</testng-results>
